<?xml version="1.0" encoding="UTF-8"?>
<!-- Generated by org.testng.reporters.JUnitReportReporter -->
<testsuite skipped="2" hostname="EN510723" name="endava.EndavaUniversityHomePage" tests="3" failures="0" timestamp="2020-02-11T10:42:18 CET" time="0.076" errors="1">
  <testcase name="startPageNavigation" time="0.000" classname="endava.EndavaUniversityHomePage">
    <skipped/>
  </testcase> <!-- startPageNavigation -->
  <system-out/>
  <testcase name="startPageNavigation" time="0.000" classname="endava.EndavaUniversityHomePage">
    <skipped/>
  </testcase> <!-- startPageNavigation -->
  <system-out/>
  <testcase name="initialize" time="0.076" classname="endava.EndavaUniversityHomePage">
    <error type="java.lang.NoSuchMethodError" message="org.apache.logging.slf4j.Log4jLoggerFactory: method &lt;init&gt;()V not found">
      <![CDATA[java.lang.NoSuchMethodError: org.apache.logging.slf4j.Log4jLoggerFactory: method <init>()V not found
at org.slf4j.impl.StaticLoggerBinder.<init>(StaticLoggerBinder.java:53)
at org.slf4j.impl.StaticLoggerBinder.<clinit>(StaticLoggerBinder.java:41)
at org.slf4j.LoggerFactory.bind(LoggerFactory.java:150)
at org.slf4j.LoggerFactory.performInitialization(LoggerFactory.java:124)
at org.slf4j.LoggerFactory.getILoggerFactory(LoggerFactory.java:412)
at org.slf4j.LoggerFactory.getLogger(LoggerFactory.java:357)
at org.slf4j.LoggerFactory.getLogger(LoggerFactory.java:383)
at org.asynchttpclient.DefaultAsyncHttpClient.<clinit>(DefaultAsyncHttpClient.java:46)
at org.asynchttpclient.Dsl.asyncHttpClient(Dsl.java:28)
at org.openqa.selenium.remote.http.netty.CreateNettyClient.apply(CreateNettyClient.java:34)
at org.openqa.selenium.remote.http.netty.NettyHttpHandler.<init>(NettyHttpHandler.java:39)
at org.openqa.selenium.remote.http.netty.NettyClient$Factory.createClient(NettyClient.java:68)
at org.openqa.selenium.remote.http.HttpClient$Factory.createClient(HttpClient.java:71)
at org.openqa.selenium.remote.HttpCommandExecutor.<init>(HttpCommandExecutor.java:90)
at org.openqa.selenium.remote.HttpCommandExecutor.<init>(HttpCommandExecutor.java:73)
at org.openqa.selenium.remote.service.DriverCommandExecutor.<init>(DriverCommandExecutor.java:63)
at org.openqa.selenium.chromium.ChromiumDriverCommandExecutor.<init>(ChromiumDriverCommandExecutor.java:66)
at org.openqa.selenium.chrome.ChromeDriver.<init>(ChromeDriver.java:163)
at org.openqa.selenium.chrome.ChromeDriver.<init>(ChromeDriver.java:150)
at org.openqa.selenium.chrome.ChromeDriver.<init>(ChromeDriver.java:105)
at resources.BaseClass.initializeDriver(BaseClass.java:31)
at endava.EndavaUniversityHomePage.initialize(EndavaUniversityHomePage.java:22)
at sun.reflect.NativeMethodAccessorImpl.invoke0(Native Method)
at sun.reflect.NativeMethodAccessorImpl.invoke(Unknown Source)
at sun.reflect.DelegatingMethodAccessorImpl.invoke(Unknown Source)
at java.lang.reflect.Method.invoke(Unknown Source)
at org.testng.internal.MethodInvocationHelper.invokeMethod(MethodInvocationHelper.java:134)
at org.testng.internal.MethodInvocationHelper.invokeMethodConsideringTimeout(MethodInvocationHelper.java:63)
at org.testng.internal.ConfigInvoker.invokeConfigurationMethod(ConfigInvoker.java:348)
at org.testng.internal.ConfigInvoker.invokeConfigurations(ConfigInvoker.java:302)
at org.testng.TestRunner.invokeTestConfigurations(TestRunner.java:619)
at org.testng.TestRunner.beforeRun(TestRunner.java:609)
at org.testng.TestRunner.run(TestRunner.java:580)
at org.testng.SuiteRunner.runTest(SuiteRunner.java:384)
at org.testng.SuiteRunner.runSequentially(SuiteRunner.java:378)
at org.testng.SuiteRunner.privateRun(SuiteRunner.java:337)
at org.testng.SuiteRunner.run(SuiteRunner.java:286)
at org.testng.SuiteRunnerWorker.runSuite(SuiteRunnerWorker.java:53)
at org.testng.SuiteRunnerWorker.run(SuiteRunnerWorker.java:96)
at org.testng.TestNG.runSuitesSequentially(TestNG.java:1187)
at org.testng.TestNG.runSuitesLocally(TestNG.java:1109)
at org.testng.TestNG.runSuites(TestNG.java:1039)
at org.testng.TestNG.run(TestNG.java:1007)
at org.testng.remote.AbstractRemoteTestNG.run(AbstractRemoteTestNG.java:115)
at org.testng.remote.RemoteTestNG.initAndRun(RemoteTestNG.java:251)
at org.testng.remote.RemoteTestNG.main(RemoteTestNG.java:77)
]]>
    </error>
  </testcase> <!-- initialize -->
  <system-out/>
</testsuite> <!-- endava.EndavaUniversityHomePage -->
