<?xml version="1.0" encoding="UTF-8"?>
<!-- Generated by org.testng.reporters.JUnitReportReporter -->
<testsuite skipped="0" hostname="EN510723" name="endava.EndavaUniversityHomePage" tests="2" failures="0" timestamp="2020-02-11T14:43:59 CET" time="76.279" errors="0">
  <testcase name="startPageNavigation" time="37.514" classname="endava.EndavaUniversityHomePage"/>
  <system-out/>
  <testcase name="startPageNavigation" time="38.765" classname="endava.EndavaUniversityHomePage"/>
  <system-out/>
</testsuite> <!-- endava.EndavaUniversityHomePage -->
